Mon Jun 05 2023  16:9:0 [right meow!] error: global Error Handler: [
  {
    "code": "invalid_type",
    "expected": "string",
    "received": "undefined",
    "path": [
      "body",
      "role"
    ],
    "message": "role is required"
  }
]
Mon Jun 05 2023  16:10:29 [right meow!] error: Unhaled Promise Rejection
Mon Jun 05 2023  16:10:29 [right meow!] error: Unhaled Promise Rejection
Mon Jun 05 2023  16:11:15 [right meow!] error: global Error Handler: [
  {
    "code": "invalid_type",
    "expected": "string",
    "received": "undefined",
    "path": [
      "body",
      "role"
    ],
    "message": "role is required"
  }
]
