Fri Jun 09 2023  17:50:37 [right meow!] error: global Error Handler: [
  {
    "code": "invalid_type",
    "expected": "string",
    "received": "undefined",
    "path": [
      "body",
      "role"
    ],
    "message": "role is required"
  }
]
Fri Jun 09 2023  17:55:23 [right meow!] error: global Error Handler: [
  {
    "code": "invalid_type",
    "expected": "string",
    "received": "undefined",
    "path": [
      "body",
      "role"
    ],
    "message": "role is required"
  }
]
Fri Jun 09 2023  17:56:10 [right meow!] error: global Error Handler: [
  {
    "code": "invalid_type",
    "expected": "string",
    "received": "undefined",
    "path": [
      "body",
      "role"
    ],
    "message": "role is required"
  }
]
Fri Jun 09 2023  17:58:36 [right meow!] error: global Error Handler: [
  {
    "code": "invalid_type",
    "expected": "string",
    "received": "undefined",
    "path": [
      "body",
      "role"
    ],
    "message": "role is required"
  }
]
Fri Jun 09 2023  17:59:54 [right meow!] error: global Error Handler: [
  {
    "code": "invalid_type",
    "expected": "string",
    "received": "undefined",
    "path": [
      "body",
      "role"
    ],
    "message": "role is required"
  }
]
